[cache1] : 启动 
[cache1] : listening... 
[cache1]->[master] : 已连接master 
[cache1] : 将cache中的数据写入mysql数据库中 
[cache1] : connect 127.0.0.1:51176 
[cache1]接收到客户端消息 : Put:496308,84320002129 
[cache1]将该(key，value)对放入缓存中，回复client端 : (496308,84320002129)被加入LRU缓存队列中 
[cache1]->[master] : 写入14 bytes消息到socket13中,内容是[cache1]存活 
[cache1] : 将cache中的数据写入mysql数据库中 
[cache1]接收到客户端消息 : Get:556723 
[cache1]无该(key，value)对，回复client端 : 556723不在缓存队列中 
[cache1]接收到客户端消息 : Get:274620 
[cache1]无该(key，value)对，回复client端 : 274620不在缓存队列中 
[cache1]接收到客户端消息 : Get:270272 
[cache1]无该(key，value)对，回复client端 : 270272不在缓存队列中 
[cache1]接收到客户端消息 : Put:615144,73287999067 
[cache1]将该(key，value)对放入缓存中，回复client端 : (615144,73287999067)被加入LRU缓存队列中 
[cache1]接收到客户端消息 : Put:657003,71942389313 
[cache1]将该(key，value)对放入缓存中，回复client端 : (657003,71942389313)被加入LRU缓存队列中 
[cache1]->[master] : 写入14 bytes消息到socket13中,内容是[cache1]存活 
[cache1] : 将cache中的数据写入mysql数据库中 
[cache1]接收到客户端消息 : Put:320050,00672156145 
[cache1]将该(key，value)对放入缓存中，回复client端 : (320050,00672156145)被加入LRU缓存队列中 
[cache1]接收到客户端消息 : Put:332072,32654239408 
[cache1]将该(key，value)对放入缓存中，回复client端 : (332072,32654239408)被加入LRU缓存队列中 
[cache1]接收到客户端消息 : Put:277909,10372043482 
[cache1]将该(key，value)对放入缓存中，回复client端 : (277909,10372043482)被加入LRU缓存队列中 
[cache1]接收到客户端消息 : Put:195741,98344298842 
[cache1]将该(key，value)对放入缓存中，回复client端 : (195741,98344298842)被加入LRU缓存队列中 
