[cache2] : 启动 
[cache2] : listening... 
[cache2]->[master] : 已连接master 
[cache2] : 将cache中的数据写入mysql数据库中 
[cache2] : connect 127.0.0.1:41574 
[cache2]接收到客户端消息 : Put:957589,45144249631 
[cache2]将该(key，value)对放入缓存中，回复client端 : (957589,45144249631)被加入LRU缓存队列中 
[cache2]接收到客户端消息 : Get:957589 
[cache2]有该(key，value)对，回复client端 : 957589在LRU缓存队列中，值为45144249631 
[cache2]接收到客户端消息 : Put:747004,83877770234 
[cache2]将该(key，value)对放入缓存中，回复client端 : (747004,83877770234)被加入LRU缓存队列中 
[cache2]接收到客户端消息 : Put:556723,09205947336 
[cache2]将该(key，value)对放入缓存中，回复client端 : (556723,09205947336)被加入LRU缓存队列中 
[cache2]接收到客户端消息 : Put:274620,29662428266 
[cache2]将该(key，value)对放入缓存中，回复client端 : (274620,29662428266)被加入LRU缓存队列中 
[cache2]接收到客户端消息 : Put:566225,71629105853 
[cache2]将该(key，value)对放入缓存中，回复client端 : (566225,71629105853)被加入LRU缓存队列中 
[cache2]->[master] : 写入14 bytes消息到socket13中,内容是[cache2]存活 
[cache2] : 将cache中的数据写入mysql数据库中 
[cache2]接收到客户端消息 : Get:566225 
[cache2]有该(key，value)对，回复client端 : 566225在LRU缓存队列中，值为71629105853 
[cache2]接收到客户端消息 : Put:212697,81313954301 
[cache2]将该(key，value)对放入缓存中，回复client端 : (212697,81313954301)被加入LRU缓存队列中 
[cache2]接收到客户端消息 : Get:277002 
[cache2]无该(key，value)对，回复client端 : 277002不在缓存队列中 
[cache2]接收到客户端消息 : Put:401024,20516643585 
[cache2]将该(key，value)对放入缓存中，回复client端 : (401024,20516643585)被加入LRU缓存队列中 
[cache2]接收到客户端消息 : Put:137457,01343178082 
[cache2]将该(key，value)对放入缓存中，回复client端 : (137457,01343178082)被加入LRU缓存队列中 
[cache2]->[master] : 写入14 bytes消息到socket13中,内容是[cache2]存活 
[cache2] : 将cache中的数据写入mysql数据库中 
[cache2]接收到客户端消息 : Get:957589 
[cache2]有该(key，value)对，回复client端 : 957589在LRU缓存队列中，值为45144249631 
[cache2]接收到客户端消息 : Put:608415,72223458454 
[cache2]将该(key，value)对放入缓存中，回复client端 : (608415,72223458454)被加入LRU缓存队列中 
[cache2]接收到客户端消息 : Put:617082,63486840197 
[cache2]将该(key，value)对放入缓存中，回复client端 : (617082,63486840197)被加入LRU缓存队列中 
