正在打印master日志......
[master] : 启动 
[master] : listening... 
正在打印cache1日志......
[cache1] : 启动 
[cache1] : listening... 
[cache1]->[master] : 已连接master 
[master] : connect 127.0.0.1:34556 
[cache1] : 将cache中的数据写入mysql数据库中 
正在打印cache2日志......
[cache2] : 启动 
[cache2] : listening... 
[master] : connect 127.0.0.1:34558 
[cache2]->[master] : 已连接master 
[cache2] : 将cache中的数据写入mysql数据库中 
正在打印cache3日志......
[cache3] : 启动 
[cache3] : listening... 
[master] : connect 127.0.0.1:34560 
[cache3]->[master] : 已连接master 
[cache3] : 将cache中的数据写入mysql数据库中 
正在打印client日志......
[客户端] : 已连接cache1 
[客户端] : 已连接cache2 
[cache1] : connect 127.0.0.1:51176 
[客户端] : 已连接cache3 
[cache2] : connect 127.0.0.1:41574 
[cache3] : connect 127.0.0.1:58544 
[客户端] : 写入22 bytes消息到cache2中,内容是Put:957589,45144249631 
[cache2]接收到客户端消息 : Put:957589,45144249631 
[客户端] : 读取255 bytes来自cache2的消息,内容是:(957589,45144249631)被加入LRU缓存队列中 
[cache2]将该(key，value)对放入缓存中，回复client端 : (957589,45144249631)被加入LRU缓存队列中 
[cache2]接收到客户端消息 : Get:957589 
[客户端] : 写入10 bytes消息到cache2中,内容是Get:957589 
[客户端] : 读取255 bytes来自cache2的消息,内容是:957589在LRU缓存队列中，值为45144249631 
[cache2]有该(key，value)对，回复client端 : 957589在LRU缓存队列中，值为45144249631 
[客户端] : 写入22 bytes消息到cache1中,内容是Put:496308,84320002129 
[cache1]接收到客户端消息 : Put:496308,84320002129 
[客户端] : 读取255 bytes来自cache1的消息,内容是:(496308,84320002129)被加入LRU缓存队列中 
[cache1]将该(key，value)对放入缓存中，回复client端 : (496308,84320002129)被加入LRU缓存队列中 
[客户端] : 写入22 bytes消息到cache2中,内容是Put:747004,83877770234 
[cache2]接收到客户端消息 : Put:747004,83877770234 
[客户端] : 读取255 bytes来自cache2的消息,内容是:(747004,83877770234)被加入LRU缓存队列中 
[cache2]将该(key，value)对放入缓存中，回复client端 : (747004,83877770234)被加入LRU缓存队列中 
[客户端] : 写入22 bytes消息到cache3中,内容是Put:359730,93807170528 
[cache3]接收到客户端消息 : Put:359730,93807170528 
[客户端] : 读取255 bytes来自cache3的消息,内容是:(359730,93807170528)被加入LRU缓存队列中 
[cache3]将该(key，value)对放入缓存中，回复client端 : (359730,93807170528)被加入LRU缓存队列中 
[客户端] : 写入22 bytes消息到cache2中,内容是Put:556723,09205947336 
[cache2]接收到客户端消息 : Put:556723,09205947336 
[客户端] : 读取255 bytes来自cache2的消息,内容是:(556723,09205947336)被加入LRU缓存队列中 
[cache2]将该(key，value)对放入缓存中，回复client端 : (556723,09205947336)被加入LRU缓存队列中 
[master]收到消息 : [cache1]存活 
[cache1]->[master] : 写入14 bytes消息到socket13中,内容是[cache1]存活 
[cache1] : 将cache中的数据写入mysql数据库中 
[客户端] : 写入22 bytes消息到cache2中,内容是Put:274620,29662428266 
[cache2]接收到客户端消息 : Put:274620,29662428266 
[客户端] : 读取255 bytes来自cache2的消息,内容是:(274620,29662428266)被加入LRU缓存队列中 
[cache2]将该(key，value)对放入缓存中，回复client端 : (274620,29662428266)被加入LRU缓存队列中 
[客户端] : 写入10 bytes消息到cache1中,内容是Get:556723 
[cache1]接收到客户端消息 : Get:556723 
[客户端] : 读取255 bytes来自cache1的消息,内容是:556723不在缓存队列中 
[cache1]无该(key，value)对，回复client端 : 556723不在缓存队列中 
[客户端] : 写入10 bytes消息到cache1中,内容是Get:274620 
[客户端] : 读取255 bytes来自cache1的消息,内容是:274620不在缓存队列中 
[cache1]接收到客户端消息 : Get:274620 
[cache1]无该(key，value)对，回复client端 : 274620不在缓存队列中 
[客户端] : 写入22 bytes消息到cache2中,内容是Put:566225,71629105853 
[cache2]接收到客户端消息 : Put:566225,71629105853 
[客户端] : 读取255 bytes来自cache2的消息,内容是:(566225,71629105853)被加入LRU缓存队列中 
[cache2]将该(key，value)对放入缓存中，回复client端 : (566225,71629105853)被加入LRU缓存队列中 
[master]收到消息 : [cache2]存活 
[cache2]->[master] : 写入14 bytes消息到socket13中,内容是[cache2]存活 
[cache2] : 将cache中的数据写入mysql数据库中 
[客户端] : 写入22 bytes消息到cache3中,内容是Put:277002,96896767621 
[cache3]接收到客户端消息 : Put:277002,96896767621 
[客户端] : 读取255 bytes来自cache3的消息,内容是:(277002,96896767621)被加入LRU缓存队列中 
[cache3]将该(key，value)对放入缓存中，回复client端 : (277002,96896767621)被加入LRU缓存队列中 
[客户端] : 写入10 bytes消息到cache2中,内容是Get:566225 
[cache2]接收到客户端消息 : Get:566225 
[客户端] : 读取255 bytes来自cache2的消息,内容是:566225在LRU缓存队列中，值为71629105853 
[cache2]有该(key，value)对，回复client端 : 566225在LRU缓存队列中，值为71629105853 
[客户端] : 写入22 bytes消息到cache3中,内容是Put:665047,72845291775 
[cache3]接收到客户端消息 : Put:665047,72845291775 
[客户端] : 读取255 bytes来自cache3的消息,内容是:(665047,72845291775)被加入LRU缓存队列中 
[cache3]将该(key，value)对放入缓存中，回复client端 : (665047,72845291775)被加入LRU缓存队列中 
[master]收到消息 : [cache3]存活 
[cache3]->[master] : 写入14 bytes消息到socket13中,内容是[cache3]存活 
[cache3] : 将cache中的数据写入mysql数据库中 
[客户端] : 写入22 bytes消息到cache2中,内容是Put:212697,81313954301 
[cache2]接收到客户端消息 : Put:212697,81313954301 
[客户端] : 读取255 bytes来自cache2的消息,内容是:(212697,81313954301)被加入LRU缓存队列中 
[cache2]将该(key，value)对放入缓存中，回复client端 : (212697,81313954301)被加入LRU缓存队列中 
[客户端] : 写入22 bytes消息到cache3中,内容是Put:270272,91331252210 
[cache3]接收到客户端消息 : Put:270272,91331252210 
[客户端] : 读取255 bytes来自cache3的消息,内容是:(270272,91331252210)被加入LRU缓存队列中 
[cache3]将该(key，value)对放入缓存中，回复client端 : (270272,91331252210)被加入LRU缓存队列中 
[客户端] : 写入10 bytes消息到cache2中,内容是Get:277002 
[cache2]接收到客户端消息 : Get:277002 
[客户端] : 读取255 bytes来自cache2的消息,内容是:277002不在缓存队列中 
[cache2]无该(key，value)对，回复client端 : 277002不在缓存队列中 
[客户端] : 写入10 bytes消息到cache1中,内容是Get:270272 
[客户端] : 读取255 bytes来自cache1的消息,内容是:270272不在缓存队列中 
[cache1]接收到客户端消息 : Get:270272 
[cache1]无该(key，value)对，回复client端 : 270272不在缓存队列中 
[客户端] : 写入22 bytes消息到cache1中,内容是Put:615144,73287999067 
[cache1]接收到客户端消息 : Put:615144,73287999067 
[客户端] : 读取255 bytes来自cache1的消息,内容是:(615144,73287999067)被加入LRU缓存队列中 
[cache1]将该(key，value)对放入缓存中，回复client端 : (615144,73287999067)被加入LRU缓存队列中 
[客户端] : 写入22 bytes消息到cache2中,内容是Put:401024,20516643585 
[cache2]接收到客户端消息 : Put:401024,20516643585 
[客户端] : 读取255 bytes来自cache2的消息,内容是:(401024,20516643585)被加入LRU缓存队列中 
[cache2]将该(key，value)对放入缓存中，回复client端 : (401024,20516643585)被加入LRU缓存队列中 
[客户端] : 写入22 bytes消息到cache2中,内容是Put:137457,01343178082 
[cache2]接收到客户端消息 : Put:137457,01343178082 
[客户端] : 读取255 bytes来自cache2的消息,内容是:(137457,01343178082)被加入LRU缓存队列中 
[cache2]将该(key，value)对放入缓存中，回复client端 : (137457,01343178082)被加入LRU缓存队列中 
[客户端] : 写入22 bytes消息到cache3中,内容是Put:568391,96706464210 
[cache3]接收到客户端消息 : Put:568391,96706464210 
[客户端] : 读取255 bytes来自cache3的消息,内容是:(568391,96706464210)被加入LRU缓存队列中 
[cache3]将该(key，value)对放入缓存中，回复client端 : (568391,96706464210)被加入LRU缓存队列中 
[客户端] : 写入22 bytes消息到cache3中,内容是Put:225552,97002391855 
[cache3]接收到客户端消息 : Put:225552,97002391855 
[客户端] : 读取255 bytes来自cache3的消息,内容是:(225552,97002391855)被加入LRU缓存队列中 
[cache3]将该(key，value)对放入缓存中，回复client端 : (225552,97002391855)被加入LRU缓存队列中 
[客户端] : 写入22 bytes消息到cache1中,内容是Put:657003,71942389313 
[客户端] : 读取255 bytes来自cache1的消息,内容是:(657003,71942389313)被加入LRU缓存队列中 
[cache1]接收到客户端消息 : Put:657003,71942389313 
[cache1]将该(key，value)对放入缓存中，回复client端 : (657003,71942389313)被加入LRU缓存队列中 
[master]收到消息 : [cache1]存活 
[cache1]->[master] : 写入14 bytes消息到socket13中,内容是[cache1]存活 
[cache1] : 将cache中的数据写入mysql数据库中 
[客户端] : 写入22 bytes消息到cache1中,内容是Put:320050,00672156145 
[cache1]接收到客户端消息 : Put:320050,00672156145 
[客户端] : 读取255 bytes来自cache1的消息,内容是:(320050,00672156145)被加入LRU缓存队列中 
[cache1]将该(key，value)对放入缓存中，回复client端 : (320050,00672156145)被加入LRU缓存队列中 
[客户端] : 写入22 bytes消息到cache3中,内容是Put:278860,29219591304 
[cache3]接收到客户端消息 : Put:278860,29219591304 
[客户端] : 读取255 bytes来自cache3的消息,内容是:(278860,29219591304)被加入LRU缓存队列中 
[cache3]将该(key，value)对放入缓存中，回复client端 : (278860,29219591304)被加入LRU缓存队列中 
[客户端] : 写入22 bytes消息到cache3中,内容是Put:117895,92733408179 
[cache3]接收到客户端消息 : Put:117895,92733408179 
[客户端] : 读取255 bytes来自cache3的消息,内容是:(117895,92733408179)被加入LRU缓存队列中 
[cache3]将该(key，value)对放入缓存中，回复client端 : (117895,92733408179)被加入LRU缓存队列中 
[master]收到消息 : [cache2]存活 
[cache2]->[master] : 写入14 bytes消息到socket13中,内容是[cache2]存活 
[cache2] : 将cache中的数据写入mysql数据库中 
[客户端] : 写入22 bytes消息到cache3中,内容是Put:509755,00633882324 
[cache3]接收到客户端消息 : Put:509755,00633882324 
[客户端] : 读取255 bytes来自cache3的消息,内容是:(509755,00633882324)被加入LRU缓存队列中 
[cache3]将该(key，value)对放入缓存中，回复client端 : (509755,00633882324)被加入LRU缓存队列中 
[客户端] : 写入10 bytes消息到cache2中,内容是Get:957589 
[cache2]接收到客户端消息 : Get:957589 
[客户端] : 读取255 bytes来自cache2的消息,内容是:957589在LRU缓存队列中，值为45144249631 
[cache2]有该(key，value)对，回复client端 : 957589在LRU缓存队列中，值为45144249631 
[客户端] : 写入22 bytes消息到cache2中,内容是Put:608415,72223458454 
[cache2]接收到客户端消息 : Put:608415,72223458454 
[客户端] : 读取255 bytes来自cache2的消息,内容是:(608415,72223458454)被加入LRU缓存队列中 
[cache2]将该(key，value)对放入缓存中，回复client端 : (608415,72223458454)被加入LRU缓存队列中 
[客户端] : 写入22 bytes消息到cache2中,内容是Put:617082,63486840197 
[cache2]接收到客户端消息 : Put:617082,63486840197 
[客户端] : 读取255 bytes来自cache2的消息,内容是:(617082,63486840197)被加入LRU缓存队列中 
[cache2]将该(key，value)对放入缓存中，回复client端 : (617082,63486840197)被加入LRU缓存队列中 
[master]收到消息 : [cache3]存活 
[cache3]->[master] : 写入14 bytes消息到socket13中,内容是[cache3]存活 
[cache3] : 将cache中的数据写入mysql数据库中 
[客户端] : 写入22 bytes消息到cache3中,内容是Put:446404,23197797350 
[cache3]接收到客户端消息 : Put:446404,23197797350 
[客户端] : 读取255 bytes来自cache3的消息,内容是:(446404,23197797350)被加入LRU缓存队列中 
[cache3]将该(key，value)对放入缓存中，回复client端 : (446404,23197797350)被加入LRU缓存队列中 
[客户端] : 写入22 bytes消息到cache1中,内容是Put:332072,32654239408 
[客户端] : 读取255 bytes来自cache1的消息,内容是:(332072,32654239408)被加入LRU缓存队列中 
[cache1]接收到客户端消息 : Put:332072,32654239408 
[cache1]将该(key，value)对放入缓存中，回复client端 : (332072,32654239408)被加入LRU缓存队列中 
[客户端] : 写入22 bytes消息到cache1中,内容是Put:277909,10372043482 
[客户端] : 读取255 bytes来自cache1的消息,内容是:(277909,10372043482)被加入LRU缓存队列中 
[cache1]接收到客户端消息 : Put:277909,10372043482 
[cache1]将该(key，value)对放入缓存中，回复client端 : (277909,10372043482)被加入LRU缓存队列中 
[客户端] : 写入22 bytes消息到cache1中,内容是Put:195741,98344298842 
[客户端] : 读取255 bytes来自cache1的消息,内容是:(195741,98344298842)被加入LRU缓存队列中 
[cache1]接收到客户端消息 : Put:195741,98344298842 
[cache1]将该(key，value)对放入缓存中，回复client端 : (195741,98344298842)被加入LRU缓存队列中 
[客户端] : 写入10 bytes消息到cache3中,内容是Get:657003 
[cache3]接收到客户端消息 : Get:657003 
[客户端] : 读取255 bytes来自cache3的消息,内容是:657003不在缓存队列中 
[cache3]无该(key，value)对，回复client端 : 657003不在缓存队列中 
