[master] : 启动 
[master] : listening... 
[master] : connect 127.0.0.1:42722 
[master] : 收到消息,[cache1]存活 
[master] : connect 127.0.0.1:42724 
[master] : 收到消息,[cache2]存活 
[master] : connect 127.0.0.1:42728 
[master] : 收到消息,[cache3]存活 
[master] : connect 127.0.0.1:42730 
[master] : 收到消息,Put:339517,07284837346 
[master] : 决定将此key放入cache1中 
[master] : 收到消息,Put:197063,08586051668 
[master] : 决定将此key放入cache1中 
[master] : 收到消息,Put:681578,48702881703 
[master] : 决定将此key放入cache3中 
[master] : 收到消息,Put:638302,43961428494 
[master] : 决定将此key放入cache2中 
[master] : 收到消息,Put:605574,66081448421 
[master] : 决定将此key放入cache2中 
[master] : 收到消息,Put:472892,32282674205 
[master] : 决定将此key放入cache2中 
[master] : 收到消息,[cache1]存活 
[master] : 收到消息,Put:554548,62950516416 
[master] : 决定将此key放入cache3中 
[master] : 收到消息,Put:431628,22759651331 
[master] : 决定将此key放入cache1中 
[master] : 收到消息,[cache2]存活 
[master] : 收到消息,Put:241451,89580693695 
[master] : 决定将此key放入cache1中 
[master] : 收到消息,Put:033782,26597447448 
[master] : 决定将此key放入cache3中 
[master] : 收到消息,[cache3]存活 
[master] : 收到消息,Put:348670,74314300257 
[master] : 决定将此key放入cache3中 
[master] : 收到消息,Put:196982,04093204190 
[master] : 决定将此key放入cache1中 
[master] : 收到消息,Put:452226,93080279549 
[master] : 决定将此key放入cache2中 
[master] : 收到消息,Put:417554,03556865991 
[master] : 决定将此key放入cache1中 
[master] : 收到消息,Put:276144,02131092733 
[master] : 决定将此key放入cache1中 
[master] : 收到消息,Put:115356,72537376754 
[master] : 决定将此key放入cache2中 
[master] : 收到消息,Put:212035,60545433721 
[master] : 决定将此key放入cache3中 
[master] : 收到消息,Put:100597,77492555685 
[master] : 决定将此key放入cache1中 
[master] : 收到消息,[cache1]存活 
[master] : 收到消息,Put:057242,79620427197 
[master] : 决定将此key放入cache2中 
[master] : 收到消息,Put:114048,20960576551 
[master] : 决定将此key放入cache2中 
[master] : 收到消息,Put:385394,61005218503 
[master] : 决定将此key放入cache2中 
[master] : 收到消息,[cache2]存活 
[master] : 收到消息,Put:137516,80405487859 
[master] : 决定将此key放入cache1中 
[master] : 收到消息,Put:268932,25003756438 
[master] : 决定将此key放入cache2中 
[master] : 收到消息,Put:365364,35235494525 
[master] : 决定将此key放入cache1中 
[master] : 收到消息,[cache3]存活 
[master] : 收到消息,Put:180108,67502823830 
[master] : 决定将此key放入cache3中 
[master] : 收到消息,Put:212122,12183285124 
[master] : 决定将此key放入cache1中 
[master] : 收到消息,Put:660950,59906601584 
[master] : 决定将此key放入cache1中 
[master] : 收到消息,Put:390873,28539255323 
[master] : 决定将此key放入cache1中 
[master] : 收到消息,Put:118326,98507062945 
[master] : 决定将此key放入cache1中 
[master] : 收到消息,Put:615436,64807646116 
[master] : 决定将此key放入cache1中 
[master] : 收到消息,Put:596186,77330312639 
[master] : 决定将此key放入cache1中 
[master] : 收到消息,[cache1]存活 
[master] : 收到消息,Put:433607,36639371924 
[master] : 决定将此key放入cache3中 
[master] : 收到消息,Put:126647,00251705443 
[master] : 决定将此key放入cache1中 
[master] : 收到消息,Put:241301,68696897377 
[master] : 决定将此key放入cache1中 
[master] : 收到消息,[cache2]存活 
[master] : 收到消息,Put:664619,00177943281 
[master] : 决定将此key放入cache1中 
[master] : 收到消息,Put:687654,73192726349 
[master] : 决定将此key放入cache3中 
[master] : 收到消息,Put:155045,54566333061 
[master] : 决定将此key放入cache1中 
[master] : 收到消息,Put:500433,40288787323 
[master] : 决定将此key放入cache1中 
[master] : 收到消息,[cache3]存活 
[master] : 收到消息,Put:529517,45419517392 
[master] : 决定将此key放入cache1中 
[master] : 收到消息,Put:513551,13118611099 
[master] : 决定将此key放入cache1中 
[master] : 收到消息,Put:270363,73424673248 
[master] : 决定将此key放入cache1中 
[master] : 收到消息,Put:349513,26167912990 
[master] : 决定将此key放入cache2中 
[master] : 收到消息,Put:514938,52027712681 
[master] : 决定将此key放入cache3中 
[master] : 收到消息,Put:135270,31632715275 
[master] : 决定将此key放入cache2中 
[master] : 收到消息,[cache1]存活 
[master] : 收到消息,Put:111116,15477678164 
[master] : 决定将此key放入cache1中 
[master] : 收到消息,[cache2]存活 
[master] : 收到消息,Put:197118,67841302278 
[master] : 决定将此key放入cache3中 
[master] : 收到消息,[cache3]存活 
[master] : 收到消息,Put:602839,07318203834 
[master] : 决定将此key放入cache1中 
[master] : 收到消息,Put:507595,71723779675 
[master] : 决定将此key放入cache1中 
[master] : 收到消息,Put:268731,22776033980 
[master] : 决定将此key放入cache1中 
[master] : 收到消息,Put:130609,31739337727 
[master] : 决定将此key放入cache1中 
[master] : 收到消息,Put:236305,02448050439 
[master] : 决定将此key放入cache3中 
[master] : 收到消息,Put:579243,54522013394 
[master] : 决定将此key放入cache2中 
[master] : 收到消息,Put:534709,58962164279 
[master] : 决定将此key放入cache1中 
[master] : 收到消息,Put:603444,29789986981 
[master] : 决定将此key放入cache3中 
[master] : 收到消息,[cache1]存活 
[master] : 收到消息,Put:356506,69398972313 
[master] : 决定将此key放入cache1中 
[master] : 收到消息,Put:372737,84655282990 
[master] : 决定将此key放入cache3中 
[master] : 收到消息,Put:454219,42482325237 
[master] : 决定将此key放入cache1中 
[master] : 收到消息,[cache2]存活 
[master] : 收到消息,Put:103262,10433776597 
[master] : 决定将此key放入cache3中 
[master] : 收到消息,Put:209494,41986399387 
[master] : 决定将此key放入cache2中 
[master] : 收到消息,Put:443160,11456974898 
[master] : 决定将此key放入cache1中 
[master] : 收到消息,[cache3]存活 
[master] : 收到消息,Put:407179,17892797546 
[master] : 决定将此key放入cache3中 
[master] : 收到消息,Put:002281,58416641047 
[master] : 决定将此key放入cache3中 
[master] : 收到消息,Put:221070,73586885378 
[master] : 决定将此key放入cache1中 
[master] : 收到消息,Put:676363,40595588856 
[master] : 决定将此key放入cache3中 
[master] : 收到消息,Put:047390,58088029873 
[master] : 决定将此key放入cache3中 
[master] : 收到消息,Put:035822,74229578185 
[master] : 决定将此key放入cache3中 
[master] : 收到消息,[cache1]存活 
[master] : 收到消息,Put:161073,84637242882 
[master] : 决定将此key放入cache1中 
